<?xml version="1.0" encoding="UTF-8"?>
<testsuite xmlns:xsi="http://www.w3.org/2001/XMLSchema-instance" xsi:noNamespaceSchemaLocation="https://maven.apache.org/surefire/maven-surefire-plugin/xsd/surefire-test-report-3.0.xsd" version="3.0" name="MathUnitTests" time="0.023" tests="11" errors="0" skipped="0" failures="0">
  <properties>
    <property name="java.specification.version" value="18"/>
    <property name="sun.jnu.encoding" value="UTF-8"/>
    <property name="java.class.path" value="/Users/pavelpaddubotski/IdeaProjects/Calculator/target/test-classes:/Users/pavelpaddubotski/IdeaProjects/Calculator/target/classes:/Users/pavelpaddubotski/.m2/repository/org/apache/maven/plugins/maven-surefire-report-plugin/3.0.0-M5/maven-surefire-report-plugin-3.0.0-M5.jar:/Users/pavelpaddubotski/.m2/repository/org/apache/maven/surefire/surefire-report-parser/3.0.0-M5/surefire-report-parser-3.0.0-M5.jar:/Users/pavelpaddubotski/.m2/repository/org/apache/maven/surefire/surefire-logger-api/3.0.0-M5/surefire-logger-api-3.0.0-M5.jar:/Users/pavelpaddubotski/.m2/repository/org/apache/maven/surefire/surefire-shared-utils/3.0.0-M4/surefire-shared-utils-3.0.0-M4.jar:/Users/pavelpaddubotski/.m2/repository/org/apache/maven/reporting/maven-reporting-api/3.0/maven-reporting-api-3.0.jar:/Users/pavelpaddubotski/.m2/repository/org/apache/maven/maven-plugin-api/3.0/maven-plugin-api-3.0.jar:/Users/pavelpaddubotski/.m2/repository/org/apache/maven/maven-model/3.0/maven-model-3.0.jar:/Users/pavelpaddubotski/.m2/repository/org/apache/maven/maven-artifact/3.0/maven-artifact-3.0.jar:/Users/pavelpaddubotski/.m2/repository/org/sonatype/sisu/sisu-inject-plexus/1.4.2/sisu-inject-plexus-1.4.2.jar:/Users/pavelpaddubotski/.m2/repository/org/codehaus/plexus/plexus-classworlds/2.2.3/plexus-classworlds-2.2.3.jar:/Users/pavelpaddubotski/.m2/repository/org/sonatype/sisu/sisu-inject-bean/1.4.2/sisu-inject-bean-1.4.2.jar:/Users/pavelpaddubotski/.m2/repository/org/sonatype/sisu/sisu-guice/2.1.7/sisu-guice-2.1.7-noaop.jar:/Users/pavelpaddubotski/.m2/repository/org/apache/maven/reporting/maven-reporting-impl/3.0.0/maven-reporting-impl-3.0.0.jar:/Users/pavelpaddubotski/.m2/repository/org/apache/maven/maven-core/3.0/maven-core-3.0.jar:/Users/pavelpaddubotski/.m2/repository/org/apache/maven/maven-settings/3.0/maven-settings-3.0.jar:/Users/pavelpaddubotski/.m2/repository/org/apache/maven/maven-settings-builder/3.0/maven-settings-builder-3.0.jar:/Users/pavelpaddubotski/.m2/repository/org/apache/maven/maven-repository-metadata/3.0/maven-repository-metadata-3.0.jar:/Users/pavelpaddubotski/.m2/repository/org/apache/maven/maven-model-builder/3.0/maven-model-builder-3.0.jar:/Users/pavelpaddubotski/.m2/repository/org/apache/maven/maven-aether-provider/3.0/maven-aether-provider-3.0.jar:/Users/pavelpaddubotski/.m2/repository/org/sonatype/aether/aether-impl/1.7/aether-impl-1.7.jar:/Users/pavelpaddubotski/.m2/repository/org/sonatype/aether/aether-spi/1.7/aether-spi-1.7.jar:/Users/pavelpaddubotski/.m2/repository/org/sonatype/aether/aether-api/1.7/aether-api-1.7.jar:/Users/pavelpaddubotski/.m2/repository/org/sonatype/aether/aether-util/1.7/aether-util-1.7.jar:/Users/pavelpaddubotski/.m2/repository/org/codehaus/plexus/plexus-interpolation/1.14/plexus-interpolation-1.14.jar:/Users/pavelpaddubotski/.m2/repository/org/sonatype/plexus/plexus-sec-dispatcher/1.3/plexus-sec-dispatcher-1.3.jar:/Users/pavelpaddubotski/.m2/repository/org/sonatype/plexus/plexus-cipher/1.4/plexus-cipher-1.4.jar:/Users/pavelpaddubotski/.m2/repository/org/apache/maven/shared/maven-shared-utils/3.2.0/maven-shared-utils-3.2.0.jar:/Users/pavelpaddubotski/.m2/repository/commons-io/commons-io/2.5/commons-io-2.5.jar:/Users/pavelpaddubotski/.m2/repository/org/codehaus/plexus/plexus-utils/3.0.24/plexus-utils-3.0.24.jar:/Users/pavelpaddubotski/.m2/repository/org/apache/maven/doxia/doxia-sink-api/1.9.1/doxia-sink-api-1.9.1.jar:/Users/pavelpaddubotski/.m2/repository/org/apache/maven/doxia/doxia-logging-api/1.9.1/doxia-logging-api-1.9.1.jar:/Users/pavelpaddubotski/.m2/repository/org/apache/maven/doxia/doxia-decoration-model/1.9.2/doxia-decoration-model-1.9.2.jar:/Users/pavelpaddubotski/.m2/repository/org/codehaus/plexus/plexus-component-annotations/2.0.0/plexus-component-annotations-2.0.0.jar:/Users/pavelpaddubotski/.m2/repository/org/apache/maven/doxia/doxia-core/1.9.1/doxia-core-1.9.1.jar:/Users/pavelpaddubotski/.m2/repository/org/codehaus/plexus/plexus-container-default/1.7.1/plexus-container-default-1.7.1.jar:/Users/pavelpaddubotski/.m2/repository/org/apache/xbean/xbean-reflect/3.7/xbean-reflect-3.7.jar:/Users/pavelpaddubotski/.m2/repository/com/google/collections/google-collections/1.0/google-collections-1.0.jar:/Users/pavelpaddubotski/.m2/repository/org/apache/commons/commons-lang3/3.5/commons-lang3-3.5.jar:/Users/pavelpaddubotski/.m2/repository/org/apache/httpcomponents/httpclient/4.5.8/httpclient-4.5.8.jar:/Users/pavelpaddubotski/.m2/repository/commons-logging/commons-logging/1.2/commons-logging-1.2.jar:/Users/pavelpaddubotski/.m2/repository/commons-codec/commons-codec/1.11/commons-codec-1.11.jar:/Users/pavelpaddubotski/.m2/repository/org/apache/httpcomponents/httpcore/4.4.11/httpcore-4.4.11.jar:/Users/pavelpaddubotski/.m2/repository/org/apache/maven/doxia/doxia-site-renderer/1.9.2/doxia-site-renderer-1.9.2.jar:/Users/pavelpaddubotski/.m2/repository/org/apache/maven/doxia/doxia-skin-model/1.9.2/doxia-skin-model-1.9.2.jar:/Users/pavelpaddubotski/.m2/repository/org/apache/maven/doxia/doxia-module-xhtml/1.9.1/doxia-module-xhtml-1.9.1.jar:/Users/pavelpaddubotski/.m2/repository/org/apache/maven/doxia/doxia-module-xhtml5/1.9.1/doxia-module-xhtml5-1.9.1.jar:/Users/pavelpaddubotski/.m2/repository/org/codehaus/plexus/plexus-i18n/1.0-beta-10/plexus-i18n-1.0-beta-10.jar:/Users/pavelpaddubotski/.m2/repository/org/codehaus/plexus/plexus-velocity/1.2/plexus-velocity-1.2.jar:/Users/pavelpaddubotski/.m2/repository/org/apache/velocity/velocity/1.7/velocity-1.7.jar:/Users/pavelpaddubotski/.m2/repository/org/apache/velocity/velocity-tools/2.0/velocity-tools-2.0.jar:/Users/pavelpaddubotski/.m2/repository/commons-beanutils/commons-beanutils/1.7.0/commons-beanutils-1.7.0.jar:/Users/pavelpaddubotski/.m2/repository/commons-digester/commons-digester/1.8/commons-digester-1.8.jar:/Users/pavelpaddubotski/.m2/repository/commons-chain/commons-chain/1.1/commons-chain-1.1.jar:/Users/pavelpaddubotski/.m2/repository/dom4j/dom4j/1.1/dom4j-1.1.jar:/Users/pavelpaddubotski/.m2/repository/oro/oro/2.0.8/oro-2.0.8.jar:/Users/pavelpaddubotski/.m2/repository/commons-collections/commons-collections/3.2.2/commons-collections-3.2.2.jar:/Users/pavelpaddubotski/.m2/repository/commons-lang/commons-lang/2.6/commons-lang-2.6.jar:/Users/pavelpaddubotski/.m2/repository/org/junit/jupiter/junit-jupiter-engine/5.8.1/junit-jupiter-engine-5.8.1.jar:/Users/pavelpaddubotski/.m2/repository/org/junit/platform/junit-platform-engine/1.8.1/junit-platform-engine-1.8.1.jar:/Users/pavelpaddubotski/.m2/repository/org/apiguardian/apiguardian-api/1.1.2/apiguardian-api-1.1.2.jar:/Users/pavelpaddubotski/.m2/repository/org/junit/jupiter/junit-jupiter-api/5.8.1/junit-jupiter-api-5.8.1.jar:/Users/pavelpaddubotski/.m2/repository/org/opentest4j/opentest4j/1.2.0/opentest4j-1.2.0.jar:/Users/pavelpaddubotski/.m2/repository/org/junit/platform/junit-platform-commons/1.8.1/junit-platform-commons-1.8.1.jar:/Users/pavelpaddubotski/.m2/repository/org/junit/jupiter/junit-jupiter-params/5.8.1/junit-jupiter-params-5.8.1.jar:/Users/pavelpaddubotski/.m2/repository/org/junit/platform/junit-platform-suite/1.8.1/junit-platform-suite-1.8.1.jar:/Users/pavelpaddubotski/.m2/repository/org/junit/platform/junit-platform-suite-api/1.8.1/junit-platform-suite-api-1.8.1.jar:/Users/pavelpaddubotski/.m2/repository/org/junit/platform/junit-platform-suite-engine/1.8.1/junit-platform-suite-engine-1.8.1.jar:/Users/pavelpaddubotski/.m2/repository/org/junit/platform/junit-platform-suite-commons/1.8.1/junit-platform-suite-commons-1.8.1.jar:/Users/pavelpaddubotski/.m2/repository/org/junit/platform/junit-platform-launcher/1.8.1/junit-platform-launcher-1.8.1.jar:"/>
    <property name="java.vm.vendor" value="Oracle Corporation"/>
    <property name="sun.arch.data.model" value="64"/>
    <property name="java.vendor.url" value="https://java.oracle.com/"/>
    <property name="os.name" value="Mac OS X"/>
    <property name="java.vm.specification.version" value="18"/>
    <property name="sun.java.launcher" value="SUN_STANDARD"/>
    <property name="user.country" value="BY"/>
    <property name="sun.boot.library.path" value="/Users/pavelpaddubotski/Library/Java/JavaVirtualMachines/openjdk-18.0.1.1/Contents/Home/lib"/>
    <property name="sun.java.command" value="/Users/pavelpaddubotski/IdeaProjects/Calculator/target/surefire/surefirebooter16412942430062121967.jar /Users/pavelpaddubotski/IdeaProjects/Calculator/target/surefire 2022-06-08T18-11-40_546-jvmRun1 surefire15010302241575901518tmp surefire_012570014772840497330tmp"/>
    <property name="http.nonProxyHosts" value="local|*.local|169.254/16|*.169.254/16"/>
    <property name="jdk.debug" value="release"/>
    <property name="surefire.test.class.path" value="/Users/pavelpaddubotski/IdeaProjects/Calculator/target/test-classes:/Users/pavelpaddubotski/IdeaProjects/Calculator/target/classes:/Users/pavelpaddubotski/.m2/repository/org/apache/maven/plugins/maven-surefire-report-plugin/3.0.0-M5/maven-surefire-report-plugin-3.0.0-M5.jar:/Users/pavelpaddubotski/.m2/repository/org/apache/maven/surefire/surefire-report-parser/3.0.0-M5/surefire-report-parser-3.0.0-M5.jar:/Users/pavelpaddubotski/.m2/repository/org/apache/maven/surefire/surefire-logger-api/3.0.0-M5/surefire-logger-api-3.0.0-M5.jar:/Users/pavelpaddubotski/.m2/repository/org/apache/maven/surefire/surefire-shared-utils/3.0.0-M4/surefire-shared-utils-3.0.0-M4.jar:/Users/pavelpaddubotski/.m2/repository/org/apache/maven/reporting/maven-reporting-api/3.0/maven-reporting-api-3.0.jar:/Users/pavelpaddubotski/.m2/repository/org/apache/maven/maven-plugin-api/3.0/maven-plugin-api-3.0.jar:/Users/pavelpaddubotski/.m2/repository/org/apache/maven/maven-model/3.0/maven-model-3.0.jar:/Users/pavelpaddubotski/.m2/repository/org/apache/maven/maven-artifact/3.0/maven-artifact-3.0.jar:/Users/pavelpaddubotski/.m2/repository/org/sonatype/sisu/sisu-inject-plexus/1.4.2/sisu-inject-plexus-1.4.2.jar:/Users/pavelpaddubotski/.m2/repository/org/codehaus/plexus/plexus-classworlds/2.2.3/plexus-classworlds-2.2.3.jar:/Users/pavelpaddubotski/.m2/repository/org/sonatype/sisu/sisu-inject-bean/1.4.2/sisu-inject-bean-1.4.2.jar:/Users/pavelpaddubotski/.m2/repository/org/sonatype/sisu/sisu-guice/2.1.7/sisu-guice-2.1.7-noaop.jar:/Users/pavelpaddubotski/.m2/repository/org/apache/maven/reporting/maven-reporting-impl/3.0.0/maven-reporting-impl-3.0.0.jar:/Users/pavelpaddubotski/.m2/repository/org/apache/maven/maven-core/3.0/maven-core-3.0.jar:/Users/pavelpaddubotski/.m2/repository/org/apache/maven/maven-settings/3.0/maven-settings-3.0.jar:/Users/pavelpaddubotski/.m2/repository/org/apache/maven/maven-settings-builder/3.0/maven-settings-builder-3.0.jar:/Users/pavelpaddubotski/.m2/repository/org/apache/maven/maven-repository-metadata/3.0/maven-repository-metadata-3.0.jar:/Users/pavelpaddubotski/.m2/repository/org/apache/maven/maven-model-builder/3.0/maven-model-builder-3.0.jar:/Users/pavelpaddubotski/.m2/repository/org/apache/maven/maven-aether-provider/3.0/maven-aether-provider-3.0.jar:/Users/pavelpaddubotski/.m2/repository/org/sonatype/aether/aether-impl/1.7/aether-impl-1.7.jar:/Users/pavelpaddubotski/.m2/repository/org/sonatype/aether/aether-spi/1.7/aether-spi-1.7.jar:/Users/pavelpaddubotski/.m2/repository/org/sonatype/aether/aether-api/1.7/aether-api-1.7.jar:/Users/pavelpaddubotski/.m2/repository/org/sonatype/aether/aether-util/1.7/aether-util-1.7.jar:/Users/pavelpaddubotski/.m2/repository/org/codehaus/plexus/plexus-interpolation/1.14/plexus-interpolation-1.14.jar:/Users/pavelpaddubotski/.m2/repository/org/sonatype/plexus/plexus-sec-dispatcher/1.3/plexus-sec-dispatcher-1.3.jar:/Users/pavelpaddubotski/.m2/repository/org/sonatype/plexus/plexus-cipher/1.4/plexus-cipher-1.4.jar:/Users/pavelpaddubotski/.m2/repository/org/apache/maven/shared/maven-shared-utils/3.2.0/maven-shared-utils-3.2.0.jar:/Users/pavelpaddubotski/.m2/repository/commons-io/commons-io/2.5/commons-io-2.5.jar:/Users/pavelpaddubotski/.m2/repository/org/codehaus/plexus/plexus-utils/3.0.24/plexus-utils-3.0.24.jar:/Users/pavelpaddubotski/.m2/repository/org/apache/maven/doxia/doxia-sink-api/1.9.1/doxia-sink-api-1.9.1.jar:/Users/pavelpaddubotski/.m2/repository/org/apache/maven/doxia/doxia-logging-api/1.9.1/doxia-logging-api-1.9.1.jar:/Users/pavelpaddubotski/.m2/repository/org/apache/maven/doxia/doxia-decoration-model/1.9.2/doxia-decoration-model-1.9.2.jar:/Users/pavelpaddubotski/.m2/repository/org/codehaus/plexus/plexus-component-annotations/2.0.0/plexus-component-annotations-2.0.0.jar:/Users/pavelpaddubotski/.m2/repository/org/apache/maven/doxia/doxia-core/1.9.1/doxia-core-1.9.1.jar:/Users/pavelpaddubotski/.m2/repository/org/codehaus/plexus/plexus-container-default/1.7.1/plexus-container-default-1.7.1.jar:/Users/pavelpaddubotski/.m2/repository/org/apache/xbean/xbean-reflect/3.7/xbean-reflect-3.7.jar:/Users/pavelpaddubotski/.m2/repository/com/google/collections/google-collections/1.0/google-collections-1.0.jar:/Users/pavelpaddubotski/.m2/repository/org/apache/commons/commons-lang3/3.5/commons-lang3-3.5.jar:/Users/pavelpaddubotski/.m2/repository/org/apache/httpcomponents/httpclient/4.5.8/httpclient-4.5.8.jar:/Users/pavelpaddubotski/.m2/repository/commons-logging/commons-logging/1.2/commons-logging-1.2.jar:/Users/pavelpaddubotski/.m2/repository/commons-codec/commons-codec/1.11/commons-codec-1.11.jar:/Users/pavelpaddubotski/.m2/repository/org/apache/httpcomponents/httpcore/4.4.11/httpcore-4.4.11.jar:/Users/pavelpaddubotski/.m2/repository/org/apache/maven/doxia/doxia-site-renderer/1.9.2/doxia-site-renderer-1.9.2.jar:/Users/pavelpaddubotski/.m2/repository/org/apache/maven/doxia/doxia-skin-model/1.9.2/doxia-skin-model-1.9.2.jar:/Users/pavelpaddubotski/.m2/repository/org/apache/maven/doxia/doxia-module-xhtml/1.9.1/doxia-module-xhtml-1.9.1.jar:/Users/pavelpaddubotski/.m2/repository/org/apache/maven/doxia/doxia-module-xhtml5/1.9.1/doxia-module-xhtml5-1.9.1.jar:/Users/pavelpaddubotski/.m2/repository/org/codehaus/plexus/plexus-i18n/1.0-beta-10/plexus-i18n-1.0-beta-10.jar:/Users/pavelpaddubotski/.m2/repository/org/codehaus/plexus/plexus-velocity/1.2/plexus-velocity-1.2.jar:/Users/pavelpaddubotski/.m2/repository/org/apache/velocity/velocity/1.7/velocity-1.7.jar:/Users/pavelpaddubotski/.m2/repository/org/apache/velocity/velocity-tools/2.0/velocity-tools-2.0.jar:/Users/pavelpaddubotski/.m2/repository/commons-beanutils/commons-beanutils/1.7.0/commons-beanutils-1.7.0.jar:/Users/pavelpaddubotski/.m2/repository/commons-digester/commons-digester/1.8/commons-digester-1.8.jar:/Users/pavelpaddubotski/.m2/repository/commons-chain/commons-chain/1.1/commons-chain-1.1.jar:/Users/pavelpaddubotski/.m2/repository/dom4j/dom4j/1.1/dom4j-1.1.jar:/Users/pavelpaddubotski/.m2/repository/oro/oro/2.0.8/oro-2.0.8.jar:/Users/pavelpaddubotski/.m2/repository/commons-collections/commons-collections/3.2.2/commons-collections-3.2.2.jar:/Users/pavelpaddubotski/.m2/repository/commons-lang/commons-lang/2.6/commons-lang-2.6.jar:/Users/pavelpaddubotski/.m2/repository/org/junit/jupiter/junit-jupiter-engine/5.8.1/junit-jupiter-engine-5.8.1.jar:/Users/pavelpaddubotski/.m2/repository/org/junit/platform/junit-platform-engine/1.8.1/junit-platform-engine-1.8.1.jar:/Users/pavelpaddubotski/.m2/repository/org/apiguardian/apiguardian-api/1.1.2/apiguardian-api-1.1.2.jar:/Users/pavelpaddubotski/.m2/repository/org/junit/jupiter/junit-jupiter-api/5.8.1/junit-jupiter-api-5.8.1.jar:/Users/pavelpaddubotski/.m2/repository/org/opentest4j/opentest4j/1.2.0/opentest4j-1.2.0.jar:/Users/pavelpaddubotski/.m2/repository/org/junit/platform/junit-platform-commons/1.8.1/junit-platform-commons-1.8.1.jar:/Users/pavelpaddubotski/.m2/repository/org/junit/jupiter/junit-jupiter-params/5.8.1/junit-jupiter-params-5.8.1.jar:/Users/pavelpaddubotski/.m2/repository/org/junit/platform/junit-platform-suite/1.8.1/junit-platform-suite-1.8.1.jar:/Users/pavelpaddubotski/.m2/repository/org/junit/platform/junit-platform-suite-api/1.8.1/junit-platform-suite-api-1.8.1.jar:/Users/pavelpaddubotski/.m2/repository/org/junit/platform/junit-platform-suite-engine/1.8.1/junit-platform-suite-engine-1.8.1.jar:/Users/pavelpaddubotski/.m2/repository/org/junit/platform/junit-platform-suite-commons/1.8.1/junit-platform-suite-commons-1.8.1.jar:/Users/pavelpaddubotski/.m2/repository/org/junit/platform/junit-platform-launcher/1.8.1/junit-platform-launcher-1.8.1.jar:"/>
    <property name="sun.cpu.endian" value="little"/>
    <property name="user.home" value="/Users/pavelpaddubotski"/>
    <property name="user.language" value="en"/>
    <property name="java.specification.vendor" value="Oracle Corporation"/>
    <property name="java.version.date" value="2022-04-22"/>
    <property name="java.home" value="/Users/pavelpaddubotski/Library/Java/JavaVirtualMachines/openjdk-18.0.1.1/Contents/Home"/>
    <property name="file.separator" value="/"/>
    <property name="basedir" value="/Users/pavelpaddubotski/IdeaProjects/Calculator"/>
    <property name="java.vm.compressedOopsMode" value="Zero based"/>
    <property name="line.separator" value="&#10;"/>
    <property name="java.specification.name" value="Java Platform API Specification"/>
    <property name="java.vm.specification.vendor" value="Oracle Corporation"/>
    <property name="apple.awt.application.name" value="ForkedBooter"/>
    <property name="surefire.real.class.path" value="/Users/pavelpaddubotski/IdeaProjects/Calculator/target/surefire/surefirebooter16412942430062121967.jar"/>
    <property name="sun.management.compiler" value="HotSpot 64-Bit Tiered Compilers"/>
    <property name="ftp.nonProxyHosts" value="local|*.local|169.254/16|*.169.254/16"/>
    <property name="java.runtime.version" value="18.0.1.1+2-6"/>
    <property name="user.name" value="pavelpaddubotski"/>
    <property name="path.separator" value=":"/>
    <property name="os.version" value="12.4"/>
    <property name="java.runtime.name" value="OpenJDK Runtime Environment"/>
    <property name="file.encoding" value="UTF-8"/>
    <property name="java.vm.name" value="OpenJDK 64-Bit Server VM"/>
    <property name="localRepository" value="/Users/pavelpaddubotski/.m2/repository"/>
    <property name="java.vendor.url.bug" value="https://bugreport.java.com/bugreport/"/>
    <property name="java.io.tmpdir" value="/var/folders/v5/xr_wb35j3gv4qp0ghw7ly41r0000gn/T/"/>
    <property name="java.version" value="18.0.1.1"/>
    <property name="user.dir" value="/Users/pavelpaddubotski/IdeaProjects/Calculator"/>
    <property name="os.arch" value="aarch64"/>
    <property name="java.vm.specification.name" value="Java Virtual Machine Specification"/>
    <property name="native.encoding" value="UTF-8"/>
    <property name="java.library.path" value="/Users/pavelpaddubotski/Library/Java/Extensions:/Library/Java/Extensions:/Network/Library/Java/Extensions:/System/Library/Java/Extensions:/usr/lib/java:."/>
    <property name="java.vm.info" value="mixed mode, sharing"/>
    <property name="java.vendor" value="Oracle Corporation"/>
    <property name="java.vm.version" value="18.0.1.1+2-6"/>
    <property name="sun.io.unicode.encoding" value="UnicodeBig"/>
    <property name="socksNonProxyHosts" value="local|*.local|169.254/16|*.169.254/16"/>
    <property name="java.class.version" value="62.0"/>
  </properties>
  <testcase name="testCountWithInvalidOperator" classname="MathUnitTests" time="0.009"/>
  <testcase name="testDivisionByNonZero" classname="MathUnitTests" time="0.001"/>
  <testcase name="testMathMultiply" classname="MathUnitTests" time="0.001"/>
  <testcase name="testMathDivide" classname="MathUnitTests" time="0"/>
  <testcase name="testDivisionCountWithOperator" classname="MathUnitTests" time="0"/>
  <testcase name="testDivisionByZero" classname="MathUnitTests" time="0.001"/>
  <testcase name="testMultiplyCountWithOperator" classname="MathUnitTests" time="0"/>
  <testcase name="testSubtractCountWithOperator" classname="MathUnitTests" time="0"/>
  <testcase name="testMathSubtract" classname="MathUnitTests" time="0"/>
  <testcase name="testSummarizeCountWithOperator" classname="MathUnitTests" time="0.001"/>
  <testcase name="testMathSummarize" classname="MathUnitTests" time="0"/>
</testsuite>